Build started 25.09.2010 17:58:12.
Project "C:\Documents and Settings\Owner\My Documents\My Dropbox\Graphy Graph\GraphyGraph.vcxproj" on node 2 (build target(s)).
InitializeBuildStatus:
  Creating "Debug\GraphyGraph.unsuccessfulbuild" because "AlwaysCreate" was specified.
ClCompile:
  c:\Program Files\Microsoft Visual Studio 10.0\VC\bin\CL.exe /c /ZI /nologo /W3 /WX- /Od /Oy- /D WIN32 /D _DEBUG /D _CONSOLE /D _UNICODE /D UNICODE /Gm /EHsc /RTC1 /MDd /GS /fp:precise /Zc:wchar_t /Zc:forScope /Fo"Debug\\" /Fd"Debug\vc100.pdb" /Gd /TP /analyze- /errorReport:prompt button.cpp GraphingCalculator.cpp roundButton.cpp roundRect.cpp
  roundRect.cpp
  roundButton.cpp
  GraphingCalculator.cpp
c:\documents and settings\owner\my documents\my dropbox\graphy graph\graphingcalculator.cpp(126): warning C4018: '<' : signed/unsigned mismatch
c:\documents and settings\owner\my documents\my dropbox\graphy graph\graphingcalculator.cpp(358): warning C4996: 'sprintf': This function or variable may be unsafe. Consider using sprintf_s instead. To disable deprecation, use _CRT_SECURE_NO_WARNINGS. See online help for details.
          c:\program files\microsoft visual studio 10.0\vc\include\stdio.h(371) : see declaration of 'sprintf'
c:\documents and settings\owner\my documents\my dropbox\graphy graph\graphingcalculator.cpp(360): warning C4996: 'sprintf': This function or variable may be unsafe. Consider using sprintf_s instead. To disable deprecation, use _CRT_SECURE_NO_WARNINGS. See online help for details.
          c:\program files\microsoft visual studio 10.0\vc\include\stdio.h(371) : see declaration of 'sprintf'
c:\documents and settings\owner\my documents\my dropbox\graphy graph\graphingcalculator.cpp(362): warning C4996: 'sprintf': This function or variable may be unsafe. Consider using sprintf_s instead. To disable deprecation, use _CRT_SECURE_NO_WARNINGS. See online help for details.
          c:\program files\microsoft visual studio 10.0\vc\include\stdio.h(371) : see declaration of 'sprintf'
c:\documents and settings\owner\my documents\my dropbox\graphy graph\graphingcalculator.cpp(364): warning C4996: 'sprintf': This function or variable may be unsafe. Consider using sprintf_s instead. To disable deprecation, use _CRT_SECURE_NO_WARNINGS. See online help for details.
          c:\program files\microsoft visual studio 10.0\vc\include\stdio.h(371) : see declaration of 'sprintf'
c:\documents and settings\owner\my documents\my dropbox\graphy graph\graphingcalculator.cpp(431): warning C4996: 'sprintf': This function or variable may be unsafe. Consider using sprintf_s instead. To disable deprecation, use _CRT_SECURE_NO_WARNINGS. See online help for details.
          c:\program files\microsoft visual studio 10.0\vc\include\stdio.h(371) : see declaration of 'sprintf'
c:\documents and settings\owner\my documents\my dropbox\graphy graph\graphingcalculator.cpp(445): warning C4996: 'sprintf': This function or variable may be unsafe. Consider using sprintf_s instead. To disable deprecation, use _CRT_SECURE_NO_WARNINGS. See online help for details.
          c:\program files\microsoft visual studio 10.0\vc\include\stdio.h(371) : see declaration of 'sprintf'
c:\documents and settings\owner\my documents\my dropbox\graphy graph\graphingcalculator.cpp(459): warning C4996: 'sprintf': This function or variable may be unsafe. Consider using sprintf_s instead. To disable deprecation, use _CRT_SECURE_NO_WARNINGS. See online help for details.
          c:\program files\microsoft visual studio 10.0\vc\include\stdio.h(371) : see declaration of 'sprintf'
c:\documents and settings\owner\my documents\my dropbox\graphy graph\graphingcalculator.cpp(473): warning C4996: 'sprintf': This function or variable may be unsafe. Consider using sprintf_s instead. To disable deprecation, use _CRT_SECURE_NO_WARNINGS. See online help for details.
          c:\program files\microsoft visual studio 10.0\vc\include\stdio.h(371) : see declaration of 'sprintf'
c:\documents and settings\owner\my documents\my dropbox\graphy graph\graphingcalculator.cpp(481): warning C4996: 'strcpy': This function or variable may be unsafe. Consider using strcpy_s instead. To disable deprecation, use _CRT_SECURE_NO_WARNINGS. See online help for details.
          c:\program files\microsoft visual studio 10.0\vc\include\string.h(105) : see declaration of 'strcpy'
c:\documents and settings\owner\my documents\my dropbox\graphy graph\graphingcalculator.cpp(485): warning C4996: 'strcpy': This function or variable may be unsafe. Consider using strcpy_s instead. To disable deprecation, use _CRT_SECURE_NO_WARNINGS. See online help for details.
          c:\program files\microsoft visual studio 10.0\vc\include\string.h(105) : see declaration of 'strcpy'
c:\documents and settings\owner\my documents\my dropbox\graphy graph\graphingcalculator.cpp(489): warning C4996: 'strcpy': This function or variable may be unsafe. Consider using strcpy_s instead. To disable deprecation, use _CRT_SECURE_NO_WARNINGS. See online help for details.
          c:\program files\microsoft visual studio 10.0\vc\include\string.h(105) : see declaration of 'strcpy'
c:\documents and settings\owner\my documents\my dropbox\graphy graph\graphingcalculator.cpp(493): warning C4996: 'strcpy': This function or variable may be unsafe. Consider using strcpy_s instead. To disable deprecation, use _CRT_SECURE_NO_WARNINGS. See online help for details.
          c:\program files\microsoft visual studio 10.0\vc\include\string.h(105) : see declaration of 'strcpy'
c:\documents and settings\owner\my documents\my dropbox\graphy graph\graphingcalculator.cpp(497): warning C4996: 'strcpy': This function or variable may be unsafe. Consider using strcpy_s instead. To disable deprecation, use _CRT_SECURE_NO_WARNINGS. See online help for details.
          c:\program files\microsoft visual studio 10.0\vc\include\string.h(105) : see declaration of 'strcpy'
  button.cpp
  Generating Code...
ManifestResourceCompile:
  c:\Program Files\Microsoft SDKs\Windows\v7.0A\bin\rc.exe /nologo /fo"Debug\GraphyGraph.exe.embed.manifest.res" Debug\GraphyGraph_manifest.rc 
Link:
  c:\Program Files\Microsoft Visual Studio 10.0\VC\bin\link.exe /ERRORREPORT:PROMPT /OUT:"C:\Documents and Settings\Owner\My Documents\My Dropbox\Graphy Graph\Debug\GraphyGraph.exe" /INCREMENTAL /NOLOGO kernel32.lib user32.lib gdi32.lib winspool.lib comdlg32.lib advapi32.lib shell32.lib ole32.lib oleaut32.lib uuid.lib odbc32.lib odbccp32.lib /MANIFEST /ManifestFile:"Debug\GraphyGraph.exe.intermediate.manifest" /MANIFESTUAC:"level='asInvoker' uiAccess='false'" /DEBUG /PDB:"C:\Documents and Settings\Owner\My Documents\My Dropbox\Graphy Graph\Debug\GraphyGraph.pdb" /SUBSYSTEM:CONSOLE /TLBID:1 /DYNAMICBASE /NXCOMPAT /IMPLIB:"C:\Documents and Settings\Owner\My Documents\My Dropbox\Graphy Graph\Debug\GraphyGraph.lib" /MACHINE:X86 Debug\GraphyGraph.exe.embed.manifest.res
  Debug\button.obj
  Debug\GraphingCalculator.obj
  Debug\roundButton.obj
  Debug\roundRect.obj
  glut32.lib
Manifest:
  c:\Program Files\Microsoft SDKs\Windows\v7.0A\bin\mt.exe /nologo /verbose /out:"Debug\GraphyGraph.exe.embed.manifest" /manifest Debug\GraphyGraph.exe.intermediate.manifest
  c:\Program Files\Microsoft SDKs\Windows\v7.0A\bin\rc.exe /nologo /fo"Debug\GraphyGraph.exe.embed.manifest.res" Debug\GraphyGraph_manifest.rc 
LinkEmbedManifest:
  c:\Program Files\Microsoft Visual Studio 10.0\VC\bin\link.exe /ERRORREPORT:PROMPT /OUT:"C:\Documents and Settings\Owner\My Documents\My Dropbox\Graphy Graph\Debug\GraphyGraph.exe" /INCREMENTAL /NOLOGO kernel32.lib user32.lib gdi32.lib winspool.lib comdlg32.lib advapi32.lib shell32.lib ole32.lib oleaut32.lib uuid.lib odbc32.lib odbccp32.lib /MANIFEST /ManifestFile:"Debug\GraphyGraph.exe.intermediate.manifest" /MANIFESTUAC:"level='asInvoker' uiAccess='false'" /DEBUG /PDB:"C:\Documents and Settings\Owner\My Documents\My Dropbox\Graphy Graph\Debug\GraphyGraph.pdb" /SUBSYSTEM:CONSOLE /TLBID:1 /DYNAMICBASE /NXCOMPAT /IMPLIB:"C:\Documents and Settings\Owner\My Documents\My Dropbox\Graphy Graph\Debug\GraphyGraph.lib" /MACHINE:X86 Debug\GraphyGraph.exe.embed.manifest.res
  Debug\button.obj
  Debug\GraphingCalculator.obj
  Debug\roundButton.obj
  Debug\roundRect.obj
  glut32.lib
  GraphyGraph.vcxproj -> C:\Documents and Settings\Owner\My Documents\My Dropbox\Graphy Graph\Debug\GraphyGraph.exe
FinalizeBuildStatus:
  Deleting file "Debug\GraphyGraph.unsuccessfulbuild".
  Touching "Debug\GraphyGraph.lastbuildstate".
Done Building Project "C:\Documents and Settings\Owner\My Documents\My Dropbox\Graphy Graph\GraphyGraph.vcxproj" (build target(s)).

Build succeeded.

Time Elapsed 00:00:19.53
